#-----------------------------------------------------------
# Vivado v2015.2 (64-bit)
# SW Build 1266856 on Fri Jun 26 16:35:25 MDT 2015
# IP Build 1264090 on Wed Jun 24 14:22:01 MDT 2015
# Start of session at: Wed Nov 18 10:10:12 2015
# Process ID: 7448
# Log file: H:/EECS_645/HW09_source_files/07_MIPS_Single_Cycle/mips_single_cycle_proj/vivado.log
# Journal file: H:/EECS_645/HW09_source_files/07_MIPS_Single_Cycle/mips_single_cycle_proj\vivado.jou
#-----------------------------------------------------------
start_gui
open_project H:/EECS_645/HW09_source_files/07_MIPS_Single_Cycle/mips_single_cycle_proj/mips_single_cycle_proj.xpr
INFO: [Project 1-313] Project file moved from 'C:/01_My_KU_Material/KU_Material/KU_Academics/Teaching/01_EECS_645/01_EECS_645_Fall2015/Homework/HW09 - MIPS/HW09_source_files/07_MIPS_Single_Cycle/mips_single_cycle_proj' since last save.
Scanning sources...
Finished scanning sources
INFO: [IP_Flow 19-234] Refreshing IP repositories
INFO: [IP_Flow 19-1704] No user IP repositories specified
INFO: [IP_Flow 19-2313] Loaded Vivado IP repository 'C:/Xilinx/Vivado/2015.2/data/ip'.
open_project: Time (s): cpu = 00:00:08 ; elapsed = 00:00:06 . Memory (MB): peak = 681.867 ; gain = 118.129
update_compile_order -fileset sources_1
update_compile_order -fileset sources_1
update_compile_order -fileset sources_1
update_compile_order -fileset sources_1
update_compile_order -fileset sources_1
update_compile_order -fileset sources_1
update_compile_order -fileset sources_1
update_compile_order -fileset sources_1
update_compile_order -fileset sources_1
exit
INFO: [Common 17-206] Exiting Vivado at Wed Nov 18 11:10:55 2015...
